<?xml version="1.0" encoding="UTF-8"?>
<testsuite xmlns:xsi="http://www.w3.org/2001/XMLSchema-instance" xsi:noNamespaceSchemaLocation="https://maven.apache.org/surefire/maven-surefire-plugin/xsd/surefire-test-report-3.0.xsd" version="3.0" name="pl.edu.pw.ee.aisd2025zex6.lcs.LongestCommonSubsequenceTest" time="0.278" tests="2" errors="0" skipped="0" failures="0">
  <properties>
[...]
</properties>
  <testcase name="should_HandleEmptyInputs" classname="pl.edu.pw.ee.aisd2025zex6.lcs.LongestCommonSubsequenceTest" time="0.194"/>
  <testcase name="should_FindCorrectLcs_ForStandardCases" classname="pl.edu.pw.ee.aisd2025zex6.lcs.LongestCommonSubsequenceTest" time="0.004"/>
</testsuite>